{"C:\\Users\\Retro\\Desktop\\Web Dev\\Namaste React\\FoodOrderingApp\\src\\components\\ContactUs.js": {"path":"C:\\Users\\Retro\\Desktop\\Web Dev\\Namaste React\\FoodOrderingApp\\src\\components\\ContactUs.js","statementMap":{"0":{"start":{"line":1,"column":18},"end":{"line":29,"column":1}},"1":{"start":{"line":2,"column":2},"end":{"line":28,"column":4}}},"fnMap":{"0":{"name":"(anonymous_0)","decl":{"start":{"line":1,"column":18},"end":{"line":1,"column":19}},"loc":{"start":{"line":1,"column":24},"end":{"line":29,"column":1}},"line":1}},"branchMap":{},"s":{"0":1,"1":4},"f":{"0":4},"b":{},"_coverageSchema":"1a1c01bbd47fc00a2c39e90264f33305004495a9","hash":"0eba489dc204f084c19d0e097271b5ecf5ca4d1c"}
,"C:\\Users\\Retro\\Desktop\\Web Dev\\Namaste React\\FoodOrderingApp\\src\\components\\sum.js": {"path":"C:\\Users\\Retro\\Desktop\\Web Dev\\Namaste React\\FoodOrderingApp\\src\\components\\sum.js","statementMap":{"0":{"start":{"line":1,"column":19},"end":{"line":3,"column":1}},"1":{"start":{"line":2,"column":2},"end":{"line":2,"column":15}}},"fnMap":{"0":{"name":"(anonymous_0)","decl":{"start":{"line":1,"column":19},"end":{"line":1,"column":20}},"loc":{"start":{"line":1,"column":29},"end":{"line":3,"column":1}},"line":1}},"branchMap":{},"s":{"0":1,"1":1},"f":{"0":1},"b":{},"_coverageSchema":"1a1c01bbd47fc00a2c39e90264f33305004495a9","hash":"dd173fe5a28a7ed70679b8c7fececc4d7cc9d0ec"}
}
